# JRE version: Java(TM) SE Runtime Environment (8.0_261-b12) (build 1.8.0_261-b12)
# Java VM: Java HotSpot(TM) 64-Bit Server VM (25.261-b12 mixed mode windows-amd64 compressed oops)
Heap:
 PSYoungGen      total 2048K, used 793K [0x00000000d6500000, 0x00000000d6780000, 0x0000000100000000)
  eden space 1536K, 18% used [0x00000000d6500000,0x00000000d65465c0,0x00000000d6680000)
  from space 512K, 100% used [0x00000000d6700000,0x00000000d6780000,0x00000000d6780000)
  to   space 512K, 0% used [0x00000000d6680000,0x00000000d6680000,0x00000000d6700000)
 ParOldGen       total 5632K, used 1029K [0x0000000082e00000, 0x0000000083380000, 0x00000000d6500000)
  object space 5632K, 18% used [0x0000000082e00000,0x0000000082f01538,0x0000000083380000)
 Metaspace       used 6651K, capacity 6828K, committed 7040K, reserved 1056768K
  class space    used 804K, capacity 878K, committed 896K, reserved 1048576K
GC Heap History (10 events):
Event: 0.236 GC heap before
{Heap before GC invocations=1 (full 0):
 PSYoungGen      total 2048K, used 1536K [0x00000000d6500000, 0x00000000d6780000, 0x0000000100000000)
  eden space 1536K, 100% used [0x00000000d6500000,0x00000000d6680000,0x00000000d6680000)
  from space 512K, 0% used [0x00000000d6700000,0x00000000d6700000,0x00000000d6780000)
  to   space 512K, 0% used [0x00000000d6680000,0x00000000d6680000,0x00000000d6700000)
 ParOldGen       total 5632K, used 0K [0x0000000082e00000, 0x0000000083380000, 0x00000000d6500000)
  object space 5632K, 0% used [0x0000000082e00000,0x0000000082e00000,0x0000000083380000)
 Metaspace       used 3888K, capacity 4610K, committed 4864K, reserved 1056768K
  class space    used 443K, capacity 485K, committed 512K, reserved 1048576K
Event: 0.237 GC heap after
Heap after GC invocations=1 (full 0):
 PSYoungGen      total 2048K, used 512K [0x00000000d6500000, 0x00000000d6780000, 0x0000000100000000)
  eden space 1536K, 0% used [0x00000000d6500000,0x00000000d6500000,0x00000000d6680000)
  from space 512K, 100% used [0x00000000d6680000,0x00000000d6700000,0x00000000d6700000)
  to   space 512K, 0% used [0x00000000d6700000,0x00000000d6700000,0x00000000d6780000)
 ParOldGen       total 5632K, used 140K [0x0000000082e00000, 0x0000000083380000, 0x00000000d6500000)
  object space 5632K, 2% used [0x0000000082e00000,0x0000000082e23020,0x0000000083380000)
 Metaspace       used 3888K, capacity 4610K, committed 4864K, reserved 1056768K
  class space    used 443K, capacity 485K, committed 512K, reserved 1048576K
}
Event: 2.676 GC heap before
{Heap before GC invocations=2 (full 0):
 PSYoungGen      total 2048K, used 2048K [0x00000000d6500000, 0x00000000d6780000, 0x0000000100000000)
  eden space 1536K, 100% used [0x00000000d6500000,0x00000000d6680000,0x00000000d6680000)
  from space 512K, 100% used [0x00000000d6680000,0x00000000d6700000,0x00000000d6700000)
  to   space 512K, 0% used [0x00000000d6700000,0x00000000d6700000,0x00000000d6780000)
 ParOldGen       total 5632K, used 140K [0x0000000082e00000, 0x0000000083380000, 0x00000000d6500000)
  object space 5632K, 2% used [0x0000000082e00000,0x0000000082e23020,0x0000000083380000)
 Metaspace       used 5903K, capacity 6054K, committed 6144K, reserved 1056768K
  class space    used 706K, capacity 763K, committed 768K, reserved 1048576K
Event: 2.680 GC heap after
Heap after GC invocations=2 (full 0):
 PSYoungGen      total 2048K, used 512K [0x00000000d6500000, 0x00000000d6780000, 0x0000000100000000)
  eden space 1536K, 0% used [0x00000000d6500000,0x00000000d6500000,0x00000000d6680000)
  from space 512K, 100% used [0x00000000d6700000,0x00000000d6780000,0x00000000d6780000)
  to   space 512K, 0% used [0x00000000d6680000,0x00000000d6680000,0x00000000d6700000)
 ParOldGen       total 5632K, used 436K [0x0000000082e00000, 0x0000000083380000, 0x00000000d6500000)
  object space 5632K, 7% used [0x0000000082e00000,0x0000000082e6d040,0x0000000083380000)
 Metaspace       used 5903K, capacity 6054K, committed 6144K, reserved 1056768K
  class space    used 706K, capacity 763K, committed 768K, reserved 1048576K
}
Event: 2.729 GC heap before
{Heap before GC invocations=3 (full 0):
 PSYoungGen      total 2048K, used 925K [0x00000000d6500000, 0x00000000d6780000, 0x0000000100000000)
  eden space 1536K, 26% used [0x00000000d6500000,0x00000000d6567718,0x00000000d6680000)
  from space 512K, 100% used [0x00000000d6700000,0x00000000d6780000,0x00000000d6780000)
  to   space 512K, 0% used [0x00000000d6680000,0x00000000d6680000,0x00000000d6700000)
 ParOldGen       total 5632K, used 436K [0x0000000082e00000, 0x0000000083380000, 0x00000000d6500000)
  object space 5632K, 7% used [0x0000000082e00000,0x0000000082e6d040,0x0000000083380000)
 Metaspace       used 6396K, capacity 6538K, committed 6784K, reserved 1056768K
  class space    used 767K, capacity 834K, committed 896K, reserved 1048576K
Event: 2.731 GC heap after
Heap after GC invocations=3 (full 0):
 PSYoungGen      total 2048K, used 496K [0x00000000d6500000, 0x00000000d6780000, 0x0000000100000000)
  eden space 1536K, 0% used [0x00000000d6500000,0x00000000d6500000,0x00000000d6680000)
  from space 512K, 96% used [0x00000000d6680000,0x00000000d66fc010,0x00000000d6700000)
  to   space 512K, 0% used [0x00000000d6700000,0x00000000d6700000,0x00000000d6780000)
 ParOldGen       total 5632K, used 548K [0x0000000082e00000, 0x0000000083380000, 0x00000000d6500000)
  object space 5632K, 9% used [0x0000000082e00000,0x0000000082e89050,0x0000000083380000)
 Metaspace       used 6396K, capacity 6538K, committed 6784K, reserved 1056768K
  class space    used 767K, capacity 834K, committed 896K, reserved 1048576K
}
Event: 2.731 GC heap before
{Heap before GC invocations=4 (full 1):
 PSYoungGen      total 2048K, used 496K [0x00000000d6500000, 0x00000000d6780000, 0x0000000100000000)
  eden space 1536K, 0% used [0x00000000d6500000,0x00000000d6500000,0x00000000d6680000)
  from space 512K, 96% used [0x00000000d6680000,0x00000000d66fc010,0x00000000d6700000)
  to   space 512K, 0% used [0x00000000d6700000,0x00000000d6700000,0x00000000d6780000)
 ParOldGen       total 5632K, used 548K [0x0000000082e00000, 0x0000000083380000, 0x00000000d6500000)
  object space 5632K, 9% used [0x0000000082e00000,0x0000000082e89050,0x0000000083380000)
 Metaspace       used 6396K, capacity 6538K, committed 6784K, reserved 1056768K
  class space    used 767K, capacity 834K, committed 896K, reserved 1048576K
Event: 2.749 GC heap after
Heap after GC invocations=4 (full 1):
 PSYoungGen      total 2048K, used 0K [0x00000000d6500000, 0x00000000d6780000, 0x0000000100000000)
  eden space 1536K, 0% used [0x00000000d6500000,0x00000000d6500000,0x00000000d6680000)
  from space 512K, 0% used [0x00000000d6680000,0x00000000d6680000,0x00000000d6700000)
  to   space 512K, 0% used [0x00000000d6700000,0x00000000d6700000,0x00000000d6780000)
 ParOldGen       total 5632K, used 909K [0x0000000082e00000, 0x0000000083380000, 0x00000000d6500000)
  object space 5632K, 16% used [0x0000000082e00000,0x0000000082ee34b8,0x0000000083380000)
 Metaspace       used 6396K, capacity 6538K, committed 6784K, reserved 1056768K
  class space    used 767K, capacity 834K, committed 896K, reserved 1048576K
}
Event: 25.067 GC heap before
{Heap before GC invocations=5 (full 1):
 PSYoungGen      total 2048K, used 1536K [0x00000000d6500000, 0x00000000d6780000, 0x0000000100000000)
  eden space 1536K, 100% used [0x00000000d6500000,0x00000000d6680000,0x00000000d6680000)
  from space 512K, 0% used [0x00000000d6680000,0x00000000d6680000,0x00000000d6700000)
  to   space 512K, 0% used [0x00000000d6700000,0x00000000d6700000,0x00000000d6780000)
 ParOldGen       total 5632K, used 909K [0x0000000082e00000, 0x0000000083380000, 0x00000000d6500000)
  object space 5632K, 16% used [0x0000000082e00000,0x0000000082ee34b8,0x0000000083380000)
 Metaspace       used 6640K, capacity 6828K, committed 7040K, reserved 1056768K
  class space    used 804K, capacity 878K, committed 896K, reserved 1048576K
Event: 25.074 GC heap after
Heap after GC invocations=5 (full 1):
 PSYoungGen      total 2048K, used 512K [0x00000000d6500000, 0x00000000d6780000, 0x0000000100000000)
  eden space 1536K, 0% used [0x00000000d6500000,0x00000000d6500000,0x00000000d6680000)
  from space 512K, 100% used [0x00000000d6700000,0x00000000d6780000,0x00000000d6780000)
  to   space 512K, 0% used [0x00000000d6680000,0x00000000d6680000,0x00000000d6700000)
 ParOldGen       total 5632K, used 1029K [0x0000000082e00000, 0x0000000083380000, 0x00000000d6500000)
  object space 5632K, 18% used [0x0000000082e00000,0x0000000082f01538,0x0000000083380000)
 Metaspace       used 6640K, capacity 6828K, committed 7040K, reserved 1056768K
  class space    used 804K, capacity 878K, committed 896K, reserved 1048576K
}

